DAO-findCustomerByLogin
DAO-findCustomerByLogin
DAO-findCustomerByLogin
DAO-findCustomerByLogin
DAO-findCustomerByLogin
DAO-findCustomerByLogin
DAO-findCustomerByLogin
DAO-findCustomerByLogin
DAO loginOldCustomer: Tim
DAO-findCustomerByLogin
DAO loginOldCustomer: Tim
DAO-findCustomerByLogin
DAO loginOldCustomer: Tim
DAO-findCustomerByLogin
DAO-findCustomerByLogin
DAO loginOldCustomer: Tim
DAO-findCustomerByLogin
DAO loginOldCustomer: Tim
DAO-findCustomerByLogin
DAO loginOldCustomer: Tim
Inserted 1 records
karenadded to user database
db.propertied (The system cannot find the file specified)
db.propertied (The system cannot find the file specified)
db.propertied (The system cannot find the file specified)
db.propertie (The system cannot find the file specified)
db.properties (The system cannot find the file specified)
db.properties (The system cannot find the file specified)
\db.properties (The system cannot find the file specified)
\db.properties (The system cannot find the file specified)
db.properties (The system cannot find the file specified)
db.properties (The system cannot find the file specified)
db.properties (The system cannot find the file specified)
db.properties (The system cannot find the file specified)
\resources\db.properties (The system cannot find the path specified)
db.properties (The system cannot find the file specified)
db.properties (The system cannot find the file specified)
FATAL: password authentication failed for user "Gorm"
\src\main\resources\db.properties (The system cannot find the path specified)
\src\main\resources\db.properties (The system cannot find the path specified)
\db.properties (The system cannot find the file specified)
\build\db.properties (The system cannot find the path specified)
\ProjectOne\build\db.properties (The system cannot find the path specified)
DAO-findCustomerByLogin
DAO-findCustomerByLogin
dao: Inserted 1 customers
customer creaded: Jesus
DAO applyForAccount
DAO-findCustomerByusername
DAO findCustomerByUsername: Jesus
DAO-getAccByUser
DAO-findCustomerByLogin
DAO loginOldCustomer: Tim
DAO-getAccByUser
DAO-getAccByUser
DAO-getAccByUser
DAO-getAccByUser
DAO-getAccByUser
DAO-findCustomerByusername
DAO findCustomerByUsername: Tim
DAO-getAccByUser
DAO-getAccByUser
DAO-getAccByUser
DAO-getAccByUser
DAO-getAccByUser
deposit funds, DAO
DAO-findCustomerByusername
DAO findCustomerByUsername: Tim
DAO-getAccByUser
DAO-getAccByUser
DAO-getAccByUser
DAO-getAccByUser
DAO-getAccByUser
DAO-findCustomerByusername
DAO findCustomerByUsername: Tim
DAO-getAccByUser
DAO-getAccByUser
DAO-getAccByUser
DAO-getAccByUser
DAO-getAccByUser
DAO applyForAccount
DAO-findCustomerByusername
DAO findCustomerByUsername: Tim
DAO-getAccByUser
DAO-getAccByUser
DAO-getAccByUser
DAO-getAccByUser
DAO-getAccByUser
DAO-getAccByUser
DAO-findCustomerByusername
DAO findCustomerByUsername: Tim
DAO-getAccByUser
DAO-getAccByUser
DAO-getAccByUser
DAO-getAccByUser
DAO-getAccByUser
DAO-getAccByUser
DAO-findCustomerByusername
DAO findCustomerByUsername: Tim
DAO-getAccByUser
DAO-getAccByUser
DAO-getAccByUser
DAO-getAccByUser
DAO-getAccByUser
DAO-getAccByUser
DAO-findCustomerByusername
DAO findCustomerByUsername: Tim
DAO-getAccByUser
DAO-getAccByUser
DAO-getAccByUser
DAO-getAccByUser
DAO-getAccByUser
DAO-getAccByUser
DAO-findCustomerByusername
DAO findCustomerByUsername: Tim
DAO-getAccByUser
DAO-getAccByUser
DAO-getAccByUser
DAO-getAccByUser
DAO-getAccByUser
DAO-getAccByUser
DAO-findCustomerByusername
DAO findCustomerByUsername: Tim
DAO-getAccByUser
DAO-getAccByUser
DAO-getAccByUser
DAO-getAccByUser
DAO-getAccByUser
DAO-getAccByUser
DAO-findCustomerByusername
DAO findCustomerByUsername: Tim
DAO-getAccByUser
DAO-getAccByUser
DAO-getAccByUser
DAO-getAccByUser
DAO-getAccByUser
DAO-getAccByUser
DAO-findCustomerByusername
DAO findCustomerByUsername: Tim
DAO-getAccByUser
DAO-getAccByUser
DAO-getAccByUser
DAO-getAccByUser
DAO-getAccByUser
DAO-getAccByUser
DAO-findCustomerByusername
DAO findCustomerByUsername: Tim
DAO-getAccByUser
DAO-getAccByUser
DAO-getAccByUser
DAO-getAccByUser
DAO-getAccByUser
DAO-getAccByUser
DAO-findCustomerByusername
DAO findCustomerByUsername: Tim
DAO-getAccByUser
DAO-getAccByUser
DAO-getAccByUser
DAO-getAccByUser
DAO-getAccByUser
DAO-getAccByUser
DAO-findCustomerByusername
DAO findCustomerByUsername: Tim
DAO-getAccByUser
DAO-getAccByUser
DAO-getAccByUser
DAO-getAccByUser
DAO-getAccByUser
DAO-getAccByUser
DAO-findCustomerByusername
DAO findCustomerByUsername: Tim
DAO-getAccByUser
DAO-getAccByUser
DAO-getAccByUser
DAO-getAccByUser
DAO-getAccByUser
DAO-getAccByUser
DAO-findCustomerByusername
DAO findCustomerByUsername: Tim
DAO-getAccByUser
DAO-getAccByUser
DAO-getAccByUser
DAO-getAccByUser
DAO-getAccByUser
DAO-getAccByUser
DAO-findCustomerByusername
DAO findCustomerByUsername: karen
DAO-getAccByUser
DAO-findCustomerByusername
DAO findCustomerByUsername: Tim
DAO-getAccByUser
DAO-getAccByUser
DAO-getAccByUser
DAO-getAccByUser
DAO-getAccByUser
DAO-getAccByUser
denial failed for account 9
DAO-findCustomerByusername
DAO findCustomerByUsername: Tim
DAO-getAccByUser
DAO-getAccByUser
DAO-getAccByUser
DAO-findCustomerByLogin
DAO loginOldCustomer: Tim
DAO-getAccByUser
DAO-getAccByUser
DAO-getAccByUser
DAO-findCustomerByLogin
DAO loginOldCustomer: Tim
DAO-getAccByUser
DAO-getAccByUser
DAO-getAccByUser
DAO-findCustomerByLogin
DAO loginOldCustomer: Tim
DAO-getAccByUser
DAO-getAccByUser
DAO-getAccByUser
DAO-findCustomerByusername
DAO findCustomerByUsername: Tim
DAO-getAccByUser
DAO-getAccByUser
DAO-getAccByUser
DAO-findCustomerByLogin
DAO loginOldCustomer: Tim
DAO-getAccByUser
DAO-getAccByUser
DAO-getAccByUser
DAO-findCustomerByusername
DAO findCustomerByUsername: Tim
DAO-getAccByUser
DAO-getAccByUser
DAO-getAccByUser
DAO-findCustomerByLogin
DAO loginOldCustomer: Tim
DAO-getAccByUser
DAO-getAccByUser
DAO-getAccByUser
DAO-findCustomerByLogin
DAO loginOldCustomer: Tim
DAO-getAccByUser
DAO-getAccByUser
DAO-getAccByUser
DAO-findCustomerByLogin
DAO loginOldCustomer: Tim
DAO-getAccByUser
DAO-getAccByUser
DAO-getAccByUser
DAO-findCustomerByusername
DAO findCustomerByUsername: Tim
DAO-getAccByUser
DAO-getAccByUser
DAO-getAccByUser
dao: Inserted 1 customers
customer creaded: gormyDragon
DAO applyForAccount
DAO-findCustomerByusername
DAO findCustomerByUsername: gormyDragon
DAO-getAccByUser
